* Starting client
* Connecting to master process on port 12367
* Analyzing classpath: 
  - /Users/j1298666/Desktop/cs362/CS362-001-SP17/projects/chiens/assignment-3/Calendar/target/classes
* Finished analyzing classpath
* Generating tests for class edu.osu.cs362.Appt
* Test criteria:
  - Line Coverage
  - Branch Coverage
  - Exception
  - Mutation testing (weak)
  - Method-Output Coverage
  - Top-Level Method Coverage
  - No-Exception Top-Level Method Coverage
  - Branch Coverage
* Setting up search algorithm for whole suite generation
* Total number of test goals: 
  - Line 60
  - Branch 42
  - Exception 0
  - MutationFactory 187
  - Output 23
  - Method 17
  - MethodNoException 17
  - CBranchFitnessFactory 42
* Using seed 1494489002991
* Starting evolution
* Search finished after 69s and 517 generations, 194610 statements, best individual has fitness: 2.5
* Writing sequences to pool
* Minimizing test suite
* Coverage analysis for criterion LINE
* Coverage of criterion LINE: 100%
* Total number of goals: 60
* Number of covered goals: 60
* Coverage analysis for criterion BRANCH
* Coverage of criterion BRANCH: 100%
* Total number of goals: 42
* Number of covered goals: 42
* Coverage analysis for criterion EXCEPTION
* Coverage of criterion EXCEPTION: 100% (no goals)
* Coverage analysis for criterion WEAKMUTATION
* Coverage of criterion WEAKMUTATION: 99%
* Total number of goals: 187
* Number of covered goals: 186
* Coverage analysis for criterion OUTPUT
* Coverage of criterion OUTPUT: 91%
* Total number of goals: 23
* Number of covered goals: 21
* Coverage analysis for criterion METHOD
* Coverage of criterion METHOD: 100%
* Total number of goals: 17
* Number of covered goals: 17
* Coverage analysis for criterion METHODNOEXCEPTION
* Coverage of criterion METHODNOEXCEPTION: 100%
* Total number of goals: 17
* Number of covered goals: 17
* Coverage analysis for criterion CBRANCH
* Coverage of criterion CBRANCH: 100%
* Total number of goals: 42
* Number of covered goals: 42
* Generated 33 tests with total length 65
* Coverage of criterion STATEMENT: 100%
* Total number of goals: 226
* Number of covered goals: 226
* Coverage of criterion ONLYBRANCH: 100%
* Total number of goals: 28
* Number of covered goals: 28
* Coverage of criterion IBRANCH: 54%
* Total number of goals: 134
* Number of covered goals: 73
* Coverage of criterion ONLYMUTATION: 99%
* Total number of goals: 187
* Number of covered goals: 186
* Coverage of criterion MUTATION: 81%
* Total number of goals: 187
* Number of covered goals: 152
* Coverage of criterion INPUT: 0%
* Total number of goals: 38
* Number of covered goals: 0
* Coverage of criterion METHODTRACE: 100%
* Total number of goals: 18
* Number of covered goals: 18
* Resulting test suite's coverage: 99% (average coverage for all fitness functions)
* Generating assertions
* Resulting test suite's mutation score: 78%
* Compiling and checking tests
[MASTER] 00:51:41.591 [pool-2-thread-1] WARN  TestSuiteGenerator - JUnit checking timed out
[MASTER] 00:51:41.595 [pool-2-thread-1] WARN  TimeController - Phase JUNIT_CHECK lasted too long, 7 seconds more than allowed.
* Writing JUnit test case 'Appt_ESTest' to /Users/j1298666/Desktop/cs362/CS362-001-SP17/projects/chiens/assignment-3/Calendar/.evosuite/tmp_2017_05_11_00_47_43/tests
* Done!

