* Starting client
* Connecting to master process on port 11220
* Analyzing classpath: 
  - /Users/j1298666/Desktop/cs362/CS362-001-SP17/projects/chiens/assignment-3/Calendar/target/classes
* Finished analyzing classpath
* Generating tests for class edu.osu.cs362.CalDay
* Test criteria:
  - Line Coverage
  - Branch Coverage
  - Exception
  - Mutation testing (weak)
  - Method-Output Coverage
  - Top-Level Method Coverage
  - No-Exception Top-Level Method Coverage
  - Branch Coverage
* Setting up search algorithm for whole suite generation
* Total number of test goals: 
  - Line 51
  - Branch 29
  - Exception 0
  - MutationFactory 110
  - Output 20
  - Method 11
  - MethodNoException 11
  - CBranchFitnessFactory 29
* Using seed 1494489177773
* Starting evolution
* Search finished after 59s and 439 generations, 104101 statements, best individual has fitness: 10.642857142857142
* Writing sequences to pool
* Minimizing test suite
* Coverage analysis for criterion LINE
* Coverage of criterion LINE: 100%
* Total number of goals: 51
* Number of covered goals: 51
* Coverage analysis for criterion BRANCH
* Coverage of criterion BRANCH: 90%
* Total number of goals: 29
* Number of covered goals: 26
* Coverage analysis for criterion EXCEPTION
* Coverage of criterion EXCEPTION: 100%
* Total number of goals: 6
* Number of covered goals: 6
* Coverage analysis for criterion WEAKMUTATION
* Coverage of criterion WEAKMUTATION: 95%
* Total number of goals: 110
* Number of covered goals: 104
* Coverage analysis for criterion OUTPUT
* Coverage of criterion OUTPUT: 90%
* Total number of goals: 20
* Number of covered goals: 18
* Coverage analysis for criterion METHOD
* Coverage of criterion METHOD: 100%
* Total number of goals: 11
* Number of covered goals: 11
* Coverage analysis for criterion METHODNOEXCEPTION
* Coverage of criterion METHODNOEXCEPTION: 100%
* Total number of goals: 11
* Number of covered goals: 11
* Coverage analysis for criterion CBRANCH
* Coverage of criterion CBRANCH: 90%
* Total number of goals: 29
* Number of covered goals: 26
* Generated 28 tests with total length 97
* Coverage of criterion STATEMENT: 100%
* Total number of goals: 206
* Number of covered goals: 206
* Coverage of criterion ONLYBRANCH: 83%
* Total number of goals: 18
* Number of covered goals: 15
* Coverage of criterion IBRANCH: 92%
* Total number of goals: 36
* Number of covered goals: 33
* Coverage of criterion ONLYMUTATION: 95%
* Total number of goals: 110
* Number of covered goals: 104
* Coverage of criterion MUTATION: 65%
* Total number of goals: 110
* Number of covered goals: 72
* Coverage of criterion INPUT: 0%
* Total number of goals: 15
* Number of covered goals: 0
* Coverage of criterion METHODTRACE: 100%
* Total number of goals: 15
* Number of covered goals: 15
* Resulting test suite's coverage: 95% (average coverage for all fitness functions)
* Generating assertions
[MASTER] 00:54:26.723 [pool-2-thread-1] WARN  TimeController - Phase MINIMIZATION lasted too long, 17 seconds more than allowed.
* Resulting test suite's mutation score: 50%
* Compiling and checking tests
* Writing JUnit test case 'CalDay_ESTest' to /Users/j1298666/Desktop/cs362/CS362-001-SP17/projects/chiens/assignment-3/Calendar/.evosuite/tmp_2017_05_11_00_47_43/tests
* Done!

