* Starting client
* Connecting to master process on port 2218
* Analyzing classpath: 
  - /Users/j1298666/Desktop/cs362/CS362-001-SP17/projects/aburasa/assignment-1/target/test-classes
  - /Users/j1298666/Desktop/cs362/CS362-001-SP17/projects/aburasa/assignment-1/target/classes
  - /Users/j1298666/.m2/repository/junit/junit/4.12/junit-4.12.jar
  - /Users/j1298666/.m2/repository/org/hamcrest/hamcrest-core/1.3/hamcrest-core-1.3.jar
* Finished analyzing classpath
* Generating tests for class edu.osu.cs362.Unit
* Test criteria:
  - Line Coverage
  - Branch Coverage
  - Exception
  - Mutation testing (weak)
  - Method-Output Coverage
  - Top-Level Method Coverage
  - No-Exception Top-Level Method Coverage
  - Context Branch Coverage
* Setting up search algorithm for whole suite generation
* Total number of test goals: 
  - Line 29
  - Branch 11
  - Exception 0
  - MutationFactory 64
  - Output 3
  - Method 5
  - MethodNoException 5
  - CBranchFitnessFactory 11
* Using seed 1492498895264
* Starting evolution
* Search finished after 5s and 11 generations, 3588 statements, best individual has fitness: 0.3333333333333333
* Writing sequences to pool
* Minimizing test suite
* Going to analyze the coverage criteria
* Coverage analysis for criterion LINE
* Coverage of criterion LINE: 100%
* Total number of goals: 29
* Number of covered goals: 29
* Coverage analysis for criterion BRANCH
* Coverage of criterion BRANCH: 100%
* Total number of goals: 11
* Number of covered goals: 11
* Coverage analysis for criterion EXCEPTION
* Coverage of criterion EXCEPTION: 100%
* Total number of goals: 2
* Number of covered goals: 2
* Coverage analysis for criterion WEAKMUTATION
* Coverage of criterion WEAKMUTATION: 100%
* Total number of goals: 64
* Number of covered goals: 64
* Coverage analysis for criterion OUTPUT
* Coverage of criterion OUTPUT: 100%
* Total number of goals: 3
* Number of covered goals: 3
* Coverage analysis for criterion METHOD
* Coverage of criterion METHOD: 100%
* Total number of goals: 5
* Number of covered goals: 5
* Coverage analysis for criterion METHODNOEXCEPTION
* Coverage of criterion METHODNOEXCEPTION: 100%
* Total number of goals: 5
* Number of covered goals: 5
* Coverage analysis for criterion CBRANCH
* Coverage of criterion CBRANCH: 100%
* Total number of goals: 11
* Number of covered goals: 11
* Generated 8 tests with total length 28
* Resulting test suite's coverage: 100% (average coverage for all fitness functions)
* Generating assertions
* Resulting test suite's mutation score: 36%
* Compiling and checking tests
[MASTER] 00:02:10.554 [pool-2-thread-1] WARN  TestSuiteGenerator - JUnit checking timed out
[MASTER] 00:02:10.558 [pool-2-thread-1] WARN  TimeController - Phase JUNIT_CHECK lasted too long, 15 seconds more than allowed.
* Writing JUnit test case 'Unit_ESTest' to /Users/j1298666/Desktop/cs362/CS362-001-SP17/projects/aburasa/assignment-1/.evosuite/tmp_2017_04_18_00_01_32/tests
* Done!

