* Starting client
* Connecting to master process on port 14969
* Analyzing classpath: 
  - /Users/j1298666/Desktop/cs362/CS362-001-SP17/projects/chiens/assignment-3/Calendar/target/classes
* Finished analyzing classpath
* Generating tests for class edu.osu.cs362.CalendarMain
* Test criteria:
  - Line Coverage
  - Branch Coverage
  - Exception
  - Mutation testing (weak)
  - Method-Output Coverage
  - Top-Level Method Coverage
  - No-Exception Top-Level Method Coverage
  - Branch Coverage
* Setting up search algorithm for whole suite generation
* Total number of test goals: 
  - Line 63
  - Branch 19
  - Exception 0
  - MutationFactory 130
  - Output 0
  - Method 2
  - MethodNoException 2
  - CBranchFitnessFactory 19
* Using seed 1494489103583
* Starting evolution
* Search finished after 59s and 888 generations, 109059 statements, best individual has fitness: 19.0
* Writing sequences to pool
* Minimizing test suite
* Coverage analysis for criterion LINE
* Coverage of criterion LINE: 98%
* Total number of goals: 63
* Number of covered goals: 62
* Coverage analysis for criterion BRANCH
* Coverage of criterion BRANCH: 63%
* Total number of goals: 19
* Number of covered goals: 12
* Coverage analysis for criterion EXCEPTION
* Coverage of criterion EXCEPTION: 100%
* Total number of goals: 1
* Number of covered goals: 1
* Coverage analysis for criterion WEAKMUTATION
* Coverage of criterion WEAKMUTATION: 97%
* Total number of goals: 130
* Number of covered goals: 126
* Coverage analysis for criterion OUTPUT
* Coverage of criterion OUTPUT: 100% (no goals)
* Coverage analysis for criterion METHOD
* Coverage of criterion METHOD: 100%
* Total number of goals: 2
* Number of covered goals: 2
* Coverage analysis for criterion METHODNOEXCEPTION
* Coverage of criterion METHODNOEXCEPTION: 50%
* Total number of goals: 2
* Number of covered goals: 1
* Coverage analysis for criterion CBRANCH
* Coverage of criterion CBRANCH: 63%
* Total number of goals: 19
* Number of covered goals: 12
* Generated 3 tests with total length 6
* Coverage of criterion STATEMENT: 100%
* Total number of goals: 302
* Number of covered goals: 302
* Coverage of criterion ONLYBRANCH: 61%
* Total number of goals: 18
* Number of covered goals: 11
* Coverage of criterion IBRANCH: 63%
* Total number of goals: 19
* Number of covered goals: 12
* Coverage of criterion ONLYMUTATION: 97%
* Total number of goals: 130
* Number of covered goals: 126
* Coverage of criterion MUTATION: 0%
* Total number of goals: 130
* Number of covered goals: 0
* Coverage of criterion INPUT: 0%
* Total number of goals: 2
* Number of covered goals: 0
* Coverage of criterion METHODTRACE: 100%
* Total number of goals: 2
* Number of covered goals: 2
* Resulting test suite's coverage: 78% (average coverage for all fitness functions)
* Generating assertions
* Resulting test suite's mutation score: 0%
* Compiling and checking tests
* Writing JUnit test case 'CalendarMain_ESTest' to /Users/j1298666/Desktop/cs362/CS362-001-SP17/projects/chiens/assignment-3/Calendar/.evosuite/tmp_2017_05_11_00_47_43/tests
* Done!

